c:\users\ivel9171\dropbox\github\alternateroutes\alternateroutes\x64\debug\vc141.pdb
c:\users\ivel9171\dropbox\github\alternateroutes\alternateroutes\x64\debug\vc141.idb
c:\users\ivel9171\dropbox\github\alternateroutes\alternateroutes\x64\debug\alternateroutes.pch
c:\users\ivel9171\dropbox\github\alternateroutes\alternateroutes\x64\debug\stdafx.obj
c:\users\ivel9171\dropbox\github\alternateroutes\alternateroutes\x64\debug\alternateroutes.obj
c:\users\ivel9171\dropbox\github\alternateroutes\alternateroutes\x64\debug\alternateroutesdlg.obj
c:\users\ivel9171\dropbox\github\alternateroutes\alternateroutes\x64\debug\graph.obj
c:\users\ivel9171\dropbox\github\alternateroutes\x64\debug\alternateroutes.ilk
c:\users\ivel9171\dropbox\github\alternateroutes\x64\debug\alternateroutes.exe
c:\users\ivel9171\dropbox\github\alternateroutes\x64\debug\alternateroutes.pdb
c:\users\ivel9171\dropbox\github\alternateroutes\alternateroutes\x64\debug\alternateroutes.res
c:\users\ivel9171\dropbox\github\alternateroutes\alternateroutes\x64\debug\alternateroutes.tlog\cl.command.1.tlog
c:\users\ivel9171\dropbox\github\alternateroutes\alternateroutes\x64\debug\alternateroutes.tlog\cl.read.1.tlog
c:\users\ivel9171\dropbox\github\alternateroutes\alternateroutes\x64\debug\alternateroutes.tlog\cl.write.1.tlog
c:\users\ivel9171\dropbox\github\alternateroutes\alternateroutes\x64\debug\alternateroutes.tlog\link.command.1.tlog
c:\users\ivel9171\dropbox\github\alternateroutes\alternateroutes\x64\debug\alternateroutes.tlog\link.read.1.tlog
c:\users\ivel9171\dropbox\github\alternateroutes\alternateroutes\x64\debug\alternateroutes.tlog\link.write.1.tlog
c:\users\ivel9171\dropbox\github\alternateroutes\alternateroutes\x64\debug\alternateroutes.tlog\rc.command.1.tlog
c:\users\ivel9171\dropbox\github\alternateroutes\alternateroutes\x64\debug\alternateroutes.tlog\rc.read.1.tlog
c:\users\ivel9171\dropbox\github\alternateroutes\alternateroutes\x64\debug\alternateroutes.tlog\rc.write.1.tlog
